<?xml version="1.0" encoding="UTF-8"?>
<!-- Generated by org.testng.reporters.JUnitReportReporter -->
<testsuite hostname="Nawaz" failures="0" tests="2" name="pratice.Sample2" time="0.015" errors="0" timestamp="2023-01-18T10:40:51 IST" skipped="0">
  <testcase classname="pratice.Sample2" name="test3" time="0.014"/>
  <system-out/>
  <testcase classname="pratice.Sample2" name="test4" time="0.001"/>
  <system-out/>
</testsuite> <!-- pratice.Sample2 -->
