<?xml version="1.0" encoding="UTF-8"?>
<!-- Generated by org.testng.reporters.JUnitReportReporter -->
<testsuite hostname="Nawaz" failures="0" tests="2" name="pratice.Sample3" time="0.017" errors="0" timestamp="2023-01-16T18:00:46 IST" skipped="0">
  <testcase classname="pratice.Sample3" name="test6" time="0.012"/>
  <system-out/>
  <testcase classname="pratice.Sample3" name="test5" time="0.005"/>
  <system-out/>
</testsuite> <!-- pratice.Sample3 -->
