<?xml version="1.0" encoding="UTF-8"?>
<!-- Generated by org.testng.reporters.JUnitReportReporter -->
<testsuite hostname="Nawaz" failures="0" tests="2" name="pratice.Sample1" time="0.004" errors="0" timestamp="2023-01-18T10:40:51 IST" skipped="0">
  <testcase classname="pratice.Sample1" name="test2" time="0.002"/>
  <system-out/>
  <testcase classname="pratice.Sample1" name="test1" time="0.002"/>
  <system-out/>
</testsuite> <!-- pratice.Sample1 -->
