<?xml version="1.0" encoding="UTF-8"?>
<!-- Generated by org.testng.reporters.JUnitReportReporter -->
<testsuite skipped="0" hostname="Nawaz" name="pratice.geturl" tests="1" failures="0" timestamp="2023-01-18T13:14:37 IST" time="152.551" errors="0">
  <testcase name="crete" time="152.551" classname="pratice.geturl"/>
  <system-out/>
</testsuite> <!-- pratice.geturl -->
